Event SYSMONEVENT_CREATE_PROCESS
	RuleName: -
	UtcTime: 2025-11-13 19:32:52.055
	ProcessGuid: {b5bc5867-3264-6916-edcf-886ae15b0000}
	ProcessId: 50064
	Image: /usr/bin/systemctl
	FileVersion: -
	Description: -
	Product: -
	Company: -
	OriginalFileName: -
	CommandLine: systemctl start thuglyfe.service
	CurrentDirectory: /home/champuser/Desktop/Week11/thuglyfe
	User: root
	LogonGuid: {b5bc5867-0000-0000-0000-000001000000}
	LogonId: 0
	TerminalSessionId: 7
	IntegrityLevel: no level
	Hashes: SHA256=41834a675dbc3a7fc0169a24e655c5f14d8045bc7094efa65b35d8c69eb3df27
	ParentProcessGuid: {b5bc5867-3263-6916-6d1f-86fe8e580000}
	ParentProcessId: 50027
	ParentImage: /usr/bin/bash
	ParentCommandLine: /bin/bash
	ParentUser: root
Event SYSMONEVENT_PROCESS_TERMINATE
	RuleName: -
	UtcTime: 2025-11-13 19:32:52.064
	ProcessGuid: {00000000-0000-0000-0000-000000000000}
	ProcessId: 50065
	Image: <unknown process>
	User: root
Event SYSMONEVENT_PROCESS_TERMINATE
	RuleName: -
	UtcTime: 2025-11-13 19:32:52.065
	ProcessGuid: {b5bc5867-3264-6916-edcf-886ae15b0000}
	ProcessId: 50064
	Image: /usr/bin/systemctl
	User: root
Event SYSMONEVENT_CREATE_PROCESS
	RuleName: -
	UtcTime: 2025-11-13 19:32:52.065
	ProcessGuid: {b5bc5867-3264-6916-f102-1c39cd5b0000}
	ProcessId: 50067
	Image: /usr/bin/crontab
	FileVersion: -
	Description: -
	Product: -
	Company: -
	OriginalFileName: -
	CommandLine: crontab -
	CurrentDirectory: /home/champuser/Desktop/Week11/thuglyfe
	User: root
	LogonGuid: {b5bc5867-0000-0000-0000-000001000000}
	LogonId: 0
	TerminalSessionId: 7
	IntegrityLevel: no level
	Hashes: SHA256=11651a4bd5c9605dac9df09bcb1ce16e40e740558766081a784e16db0098c042
	ParentProcessGuid: {b5bc5867-3263-6916-6d1f-86fe8e580000}
	ParentProcessId: 50027
	ParentImage: /usr/bin/bash
	ParentCommandLine: /bin/bash
	ParentUser: root
Event SYSMONEVENT_CREATE_PROCESS
	RuleName: -
	UtcTime: 2025-11-13 19:32:52.065
	ProcessGuid: {b5bc5867-3264-6916-f142-1387ea620000}
	ProcessId: 50068
	Image: /usr/bin/crontab
	FileVersion: -
	Description: -
	Product: -
	Company: -
	OriginalFileName: -
	CommandLine: crontab -l
	CurrentDirectory: /home/champuser/Desktop/Week11/thuglyfe
	User: root
	LogonGuid: {b5bc5867-0000-0000-0000-000001000000}
	LogonId: 0
	TerminalSessionId: 7
	IntegrityLevel: no level
	Hashes: SHA256=11651a4bd5c9605dac9df09bcb1ce16e40e740558766081a784e16db0098c042
	ParentProcessGuid: {00000000-0000-0000-0000-000000000000}
	ParentProcessId: 50066
	ParentImage: -
	ParentCommandLine: -
	ParentUser: -
Event SYSMONEVENT_PROCESS_TERMINATE
	RuleName: -
	UtcTime: 2025-11-13 19:32:52.068
	ProcessGuid: {b5bc5867-3264-6916-f142-1387ea620000}
	ProcessId: 50068
	Image: /usr/bin/crontab
	User: -
Event SYSMONEVENT_PROCESS_TERMINATE
	RuleName: -
	UtcTime: 2025-11-13 19:32:52.069
	ProcessGuid: {00000000-0000-0000-0000-000000000000}
	ProcessId: 50066
	Image: <unknown process>
	User: root
Event SYSMONEVENT_FILE_CREATE
	RuleName: -
	UtcTime: 2025-11-13 19:32:52.074
	ProcessGuid: {b5bc5867-3264-6916-f102-1c39cd5b0000}
	ProcessId: 50067
	Image: /usr/bin/crontab
	TargetFilename: /var/spool/cron/crontabs/tmp.f8lpsW
	CreationUtcTime: 2025-11-13 19:32:52.074
	User: -
Event SYSMONEVENT_PROCESS_TERMINATE
	RuleName: -
	UtcTime: 2025-11-13 19:32:52.076
	ProcessGuid: {b5bc5867-3264-6916-f102-1c39cd5b0000}
	ProcessId: 50067
	Image: /usr/bin/crontab
	User: root
Event SYSMONEVENT_CREATE_PROCESS
	RuleName: -
	UtcTime: 2025-11-13 19:32:52.077
	ProcessGuid: {b5bc5867-3264-6916-e194-300e45580000}
	ProcessId: 50069
	Image: /usr/bin/mkdir
	FileVersion: -
	Description: -
	Product: -
	Company: -
	OriginalFileName: -
	CommandLine: mkdir -p /etc/cron.d
	CurrentDirectory: /home/champuser/Desktop/Week11/thuglyfe
	User: root
	LogonGuid: {b5bc5867-0000-0000-0000-000001000000}
	LogonId: 0
	TerminalSessionId: 7
	IntegrityLevel: no level
	Hashes: SHA256=bd2f081ac37d653181332bd27f35a6041dbf215a7957f65838a9cbec9e64928b
	ParentProcessGuid: {b5bc5867-3263-6916-6d1f-86fe8e580000}
	ParentProcessId: 50027
	ParentImage: /usr/bin/bash
	ParentCommandLine: /bin/bash
	ParentUser: root
Event SYSMONEVENT_PROCESS_TERMINATE
	RuleName: -
	UtcTime: 2025-11-13 19:32:52.078
	ProcessGuid: {b5bc5867-3264-6916-e194-300e45580000}
	ProcessId: 50069
	Image: /usr/bin/mkdir
	User: root
Event SYSMONEVENT_CREATE_PROCESS
	RuleName: -
	UtcTime: 2025-11-13 19:32:52.084
	ProcessGuid: {b5bc5867-3264-6916-bd6b-eb9a315e0000}
	ProcessId: 50070
	Image: /usr/sbin/useradd
	FileVersion: -
	Description: -
	Product: -
	Company: -
	OriginalFileName: -
	CommandLine: useradd -m sudoadmin
	CurrentDirectory: /home/champuser/Desktop/Week11/thuglyfe
	User: root
	LogonGuid: {b5bc5867-0000-0000-0000-000001000000}
	LogonId: 0
	TerminalSessionId: 7
	IntegrityLevel: no level
	Hashes: SHA256=cd33b9103e5c0122d8259560496c8a813d427dfd153dab067b737ccdba9a574e
	ParentProcessGuid: {b5bc5867-3263-6916-6d1f-86fe8e580000}
	ParentProcessId: 50027
	ParentImage: /usr/bin/bash
	ParentCommandLine: /bin/bash
	ParentUser: root
Event SYSMONEVENT_PROCESS_TERMINATE
	RuleName: -
	UtcTime: 2025-11-13 19:32:52.111
	ProcessGuid: {b5bc5867-3264-6916-bd6b-eb9a315e0000}
	ProcessId: 50070
	Image: /usr/sbin/useradd
	User: root
Event SYSMONEVENT_PROCESS_TERMINATE
	RuleName: -
	UtcTime: 2025-11-13 19:32:52.112
	ProcessGuid: {b5bc5867-3264-6916-0000-000000000000}
	ProcessId: 50071
	Image: -
	User: root
Event SYSMONEVENT_CREATE_PROCESS
	RuleName: -
	UtcTime: 2025-11-13 19:32:52.111
	ProcessGuid: {b5bc5867-3264-6916-fde4-1c2eb0580000}
	ProcessId: 50072
	Image: /usr/bin/sudo
	FileVersion: -
	Description: -
	Product: -
	Company: -
	OriginalFileName: -
	CommandLine: sudo chpasswd
	CurrentDirectory: /home/champuser/Desktop/Week11/thuglyfe
	User: root
	LogonGuid: {b5bc5867-0000-0000-0000-000001000000}
	LogonId: 0
	TerminalSessionId: 7
	IntegrityLevel: no level
	Hashes: SHA256=686287d80efa1400561301a1c9fc1d35e03b74adde29bd94e5178a36e7b0a6c8
	ParentProcessGuid: {b5bc5867-3263-6916-6d1f-86fe8e580000}
	ParentProcessId: 50027
	ParentImage: /usr/bin/bash
	ParentCommandLine: /bin/bash
	ParentUser: root
Event SYSMONEVENT_CREATE_PROCESS
	RuleName: -
	UtcTime: 2025-11-13 19:32:52.133
	ProcessGuid: {b5bc5867-3264-6916-d5f3-e675f9630000}
	ProcessId: 50074
	Image: /usr/sbin/chpasswd
	FileVersion: -
	Description: -
	Product: -
	Company: -
	OriginalFileName: -
	CommandLine: chpasswd
	CurrentDirectory: /home/champuser/Desktop/Week11/thuglyfe
	User: root
	LogonGuid: {b5bc5867-3264-6916-0000-000006000000}
	LogonId: 0
	TerminalSessionId: 7
	IntegrityLevel: no level
	Hashes: SHA256=e0c190eb148040cc5f1e5dd6ec3b22b2592c3a71b89db67f019236fad7f6e92a
	ParentProcessGuid: {00000000-0000-0000-0000-000000000000}
	ParentProcessId: 50073
	ParentImage: -
	ParentCommandLine: -
	ParentUser: -
Event SYSMONEVENT_FILE_CREATE
	RuleName: -
	UtcTime: 2025-11-13 19:32:52.231
	ProcessGuid: {b5bc5867-3264-6916-d5f3-e675f9630000}
	ProcessId: 50074
	Image: /usr/sbin/chpasswd
	TargetFilename: /etc/nshadow
	CreationUtcTime: 2025-11-13 19:32:52.231
	User: -
Event SYSMONEVENT_PROCESS_TERMINATE
	RuleName: -
	UtcTime: 2025-11-13 19:32:52.236
	ProcessGuid: {b5bc5867-3264-6916-0000-000000000000}
	ProcessId: 50075
	Image: -
	User: root
Event SYSMONEVENT_PROCESS_TERMINATE
	RuleName: -
	UtcTime: 2025-11-13 19:32:52.236
	ProcessGuid: {b5bc5867-3264-6916-0000-000000000000}
	ProcessId: 50076
	Image: -
	User: root
Event SYSMONEVENT_PROCESS_TERMINATE
	RuleName: -
	UtcTime: 2025-11-13 19:32:52.237
	ProcessGuid: {b5bc5867-3264-6916-d5f3-e675f9630000}
	ProcessId: 50074
	Image: /usr/sbin/chpasswd
	User: root
Event SYSMONEVENT_PROCESS_TERMINATE
	RuleName: -
	UtcTime: 2025-11-13 19:32:52.237
	ProcessGuid: {b5bc5867-3264-6916-0000-000000000000}
	ProcessId: 50073
	Image: -
	User: root
Event SYSMONEVENT_PROCESS_TERMINATE
	RuleName: -
	UtcTime: 2025-11-13 19:32:52.241
	ProcessGuid: {b5bc5867-3264-6916-fde4-1c2eb0580000}
	ProcessId: 50072
	Image: /usr/bin/sudo
	User: root
Event SYSMONEVENT_CREATE_PROCESS
	RuleName: -
	UtcTime: 2025-11-13 19:32:52.242
	ProcessGuid: {b5bc5867-3264-6916-d94a-86ec73560000}
	ProcessId: 50077
	Image: /usr/sbin/usermod
	FileVersion: -
	Description: -
	Product: -
	Company: -
	OriginalFileName: -
	CommandLine: usermod -aG sudo sudoadmin
	CurrentDirectory: /home/champuser/Desktop/Week11/thuglyfe
	User: root
	LogonGuid: {b5bc5867-0000-0000-0000-000001000000}
	LogonId: 0
	TerminalSessionId: 7
	IntegrityLevel: no level
	Hashes: SHA256=80d263c2e079db09bae32084d5e59ad1f51699118d3e43adf7692f7af94417df
	ParentProcessGuid: {b5bc5867-3263-6916-6d1f-86fe8e580000}
	ParentProcessId: 50027
	ParentImage: /usr/bin/bash
	ParentCommandLine: /bin/bash
	ParentUser: root
Event SYSMONEVENT_FILE_CREATE
	RuleName: -
	UtcTime: 2025-11-13 19:32:52.247
	ProcessGuid: {b5bc5867-3264-6916-d94a-86ec73560000}
	ProcessId: 50077
	Image: /usr/sbin/usermod
	TargetFilename: /etc/passwd.50077
	CreationUtcTime: 2025-11-13 19:32:52.247
	User: -
Event SYSMONEVENT_FILE_DELETE
	RuleName: -
	UtcTime: 2025-11-13 19:32:52.248
	ProcessGuid: {b5bc5867-3264-6916-d94a-86ec73560000}
	ProcessId: 50077
	User: -
	Image: /usr/sbin/usermod
	TargetFilename: /etc/passwd.50077
	Hashes: -
	IsExecutable: -
	Archived: -
Event SYSMONEVENT_FILE_CREATE
	RuleName: -
	UtcTime: 2025-11-13 19:32:52.248
	ProcessGuid: {b5bc5867-3264-6916-d94a-86ec73560000}
	ProcessId: 50077
	Image: /usr/sbin/usermod
	TargetFilename: /etc/shadow.50077
	CreationUtcTime: 2025-11-13 19:32:52.248
	User: -
Event SYSMONEVENT_FILE_DELETE
	RuleName: -
	UtcTime: 2025-11-13 19:32:52.248
	ProcessGuid: {b5bc5867-3264-6916-d94a-86ec73560000}
	ProcessId: 50077
	User: -
	Image: /usr/sbin/usermod
	TargetFilename: /etc/shadow.50077
	Hashes: -
	IsExecutable: -
	Archived: -
Event SYSMONEVENT_FILE_CREATE
	RuleName: -
	UtcTime: 2025-11-13 19:32:52.248
	ProcessGuid: {b5bc5867-3264-6916-d94a-86ec73560000}
	ProcessId: 50077
	Image: /usr/sbin/usermod
	TargetFilename: /etc/group.50077
	CreationUtcTime: 2025-11-13 19:32:52.248
	User: -
Event SYSMONEVENT_FILE_DELETE
	RuleName: -
	UtcTime: 2025-11-13 19:32:52.248
	ProcessGuid: {b5bc5867-3264-6916-d94a-86ec73560000}
	ProcessId: 50077
	User: -
	Image: /usr/sbin/usermod
	TargetFilename: /etc/group.50077
	Hashes: -
	IsExecutable: -
	Archived: -
Event SYSMONEVENT_FILE_CREATE
	RuleName: -
	UtcTime: 2025-11-13 19:32:52.248
	ProcessGuid: {b5bc5867-3264-6916-d94a-86ec73560000}
	ProcessId: 50077
	Image: /usr/sbin/usermod
	TargetFilename: /etc/gshadow.50077
	CreationUtcTime: 2025-11-13 19:32:52.248
	User: -
Event SYSMONEVENT_FILE_DELETE
	RuleName: -
	UtcTime: 2025-11-13 19:32:52.248
	ProcessGuid: {b5bc5867-3264-6916-d94a-86ec73560000}
	ProcessId: 50077
	User: -
	Image: /usr/sbin/usermod
	TargetFilename: /etc/gshadow.50077
	Hashes: -
	IsExecutable: -
	Archived: -
Event SYSMONEVENT_FILE_DELETE
	RuleName: -
	UtcTime: 2025-11-13 19:32:52.249
	ProcessGuid: {b5bc5867-3264-6916-d94a-86ec73560000}
	ProcessId: 50077
	User: -
	Image: /usr/sbin/usermod
	TargetFilename: /etc/gshadow.lock
	Hashes: -
	IsExecutable: -
	Archived: -
Event SYSMONEVENT_FILE_DELETE
	RuleName: -
	UtcTime: 2025-11-13 19:32:52.249
	ProcessGuid: {b5bc5867-3264-6916-d94a-86ec73560000}
	ProcessId: 50077
	User: -
	Image: /usr/sbin/usermod
	TargetFilename: /etc/group.lock
	Hashes: -
	IsExecutable: -
	Archived: -
Event SYSMONEVENT_FILE_DELETE
	RuleName: -
	UtcTime: 2025-11-13 19:32:52.249
	ProcessGuid: {b5bc5867-3264-6916-d94a-86ec73560000}
	ProcessId: 50077
	User: -
	Image: /usr/sbin/usermod
	TargetFilename: /etc/shadow.lock
	Hashes: -
	IsExecutable: -
	Archived: -
Event SYSMONEVENT_FILE_DELETE
	RuleName: -
	UtcTime: 2025-11-13 19:32:52.250
	ProcessGuid: {b5bc5867-3264-6916-d94a-86ec73560000}
	ProcessId: 50077
	User: -
	Image: /usr/sbin/usermod
	TargetFilename: /etc/passwd.lock
	Hashes: -
	IsExecutable: -
	Archived: -
Event SYSMONEVENT_PROCESS_TERMINATE
	RuleName: -
	UtcTime: 2025-11-13 19:32:52.250
	ProcessGuid: {00000000-0000-0000-0000-000000000000}
	ProcessId: 50078
	Image: <unknown process>
	User: -
Event SYSMONEVENT_PROCESS_TERMINATE
	RuleName: -
	UtcTime: 2025-11-13 19:32:52.251
	ProcessGuid: {00000000-0000-0000-0000-000000000000}
	ProcessId: 50079
	Image: <unknown process>
	User: -
Event SYSMONEVENT_PROCESS_TERMINATE
	RuleName: -
	UtcTime: 2025-11-13 19:32:52.251
	ProcessGuid: {00000000-0000-0000-0000-000000000000}
	ProcessId: 50080
	Image: <unknown process>
	User: -
Event SYSMONEVENT_PROCESS_TERMINATE
	RuleName: -
	UtcTime: 2025-11-13 19:32:52.251
	ProcessGuid: {b5bc5867-3264-6916-d94a-86ec73560000}
	ProcessId: 50077
	Image: /usr/sbin/usermod
	User: -
Event SYSMONEVENT_PROCESS_TERMINATE
	RuleName: -
	UtcTime: 2025-11-13 19:32:52.252
	ProcessGuid: {b5bc5867-3263-6916-6d1f-86fe8e580000}
	ProcessId: 50027
	Image: /usr/bin/bash
	User: -
Event SYSMONEVENT_FILE_DELETE
	RuleName: -
	UtcTime: 2025-11-13 19:32:52.252
	ProcessGuid: {b5bc5867-325c-6916-6181-d29f2e600000}
	ProcessId: 50026
	User: -
	Image: /home/champuser/Desktop/Week11/thuglyfe/thug_simulator
	TargetFilename: /var/tmp/asefa.sh
	Hashes: -
	IsExecutable: -
	Archived: -
Event SYSMONEVENT_PROCESS_TERMINATE
	RuleName: -
	UtcTime: 2025-11-13 19:32:52.541
	ProcessGuid: {b5bc5867-58a9-690a-415c-e3d2a7610000}
	ProcessId: 220
	Image: /usr/lib/systemd/systemd-journald
	User: root
Event SYSMONEVENT_PROCESS_TERMINATE
	RuleName: -
	UtcTime: 2025-11-13 19:32:52.544
	ProcessGuid: {b5bc5867-58a9-690a-415c-e3d2a7610000}
	ProcessId: 220
	Image: /usr/lib/systemd/systemd-journald
	User: root
Event SYSMONEVENT_PROCESS_TERMINATE
	RuleName: -
	UtcTime: 2025-11-13 19:32:55.979
	ProcessGuid: {b5bc5867-7441-690a-9d8a-89a2ef5a0000}
	ProcessId: 1466
	Image: /usr/bin/gnome-shell
	User: champuser
Event SYSMONEVENT_FILE_CREATE
	RuleName: -
	UtcTime: 2025-11-13 19:33:59.056
	ProcessGuid: {b5bc5867-58aa-690a-4dd8-ebb1095e0000}
	ProcessId: 493
	Image: /usr/usr/sbin/NetworkManager
	TargetFilename: /var/lib/NetworkManager/timestamps.64WZF3
	CreationUtcTime: 2025-11-13 19:33:59.056
	User: -
Event SYSMONEVENT_PROCESS_TERMINATE
	RuleName: -
	UtcTime: 2025-11-13 19:34:00.146
	ProcessGuid: {00000000-0000-0000-0000-000000000000}
	ProcessId: 48453
	Image: <unknown process>
	User: root
Event SYSMONEVENT_NETWORK_CONNECT
	RuleName: -
	UtcTime: 2025-11-13 19:34:41.138
	ProcessGuid: {b5bc5867-58aa-690a-4dd8-ebb1095e0000}
	ProcessId: 493
	Image: /usr/sbin/NetworkManager
	User: root
	Protocol: tcp
	Initiated: true
	SourceIsIpv6: false
	SourceIp: 10.0.17.55
	SourceHostname: -
	SourcePort: 43608
	SourcePortName: -
	DestinationIsIpv6: false
	DestinationIp: 91.189.91.49
	DestinationHostname: -
	DestinationPort: 80
	DestinationPortName: -
Event SYSMONEVENT_FILE_CREATE
	RuleName: -
	UtcTime: 2025-11-13 19:35:17.964
	ProcessGuid: {b5bc5867-7441-690a-9d8a-89a2ef5a0000}
	ProcessId: 1466
	Image: /usr/bin/gnome-shell
	TargetFilename: /home/champuser/.local/share/gnome-shell/.goutputstream-EM31F3
	CreationUtcTime: 2025-11-13 19:35:17.964
	User: champuser
Event SYSMONEVENT_PROCESS_TERMINATE
	RuleName: -
	UtcTime: 2025-11-13 19:35:33.475
	ProcessGuid: {b5bc5867-7441-690a-9d8a-89a2ef5a0000}
	ProcessId: 1466
	Image: /usr/bin/gnome-shell
	User: champuser
Event SYSMONEVENT_PROCESS_TERMINATE
	RuleName: -
	UtcTime: 2025-11-13 19:35:58.965
	ProcessGuid: {00000000-0000-0000-0000-000000000000}
	ProcessId: 48520
	Image: <unknown process>
	User: root
Event SYSMONEVENT_PROCESS_TERMINATE
	RuleName: -
	UtcTime: 2025-11-13 19:37:29.027
	ProcessGuid: {00000000-0000-0000-0000-000000000000}
	ProcessId: 48374
	Image: <unknown process>
	User: -
Event SYSMONEVENT_PROCESS_TERMINATE
	RuleName: -
	UtcTime: 2025-11-13 19:37:29.027
	ProcessGuid: {00000000-0000-0000-0000-000000000000}
	ProcessId: 30838
	Image: <unknown process>
	User: -
Event SYSMONEVENT_PROCESS_TERMINATE
	RuleName: -
	UtcTime: 2025-11-13 19:37:49.506
	ProcessGuid: {00000000-0000-0000-0000-000000000000}
	ProcessId: 11
	Image: <unknown process>
	User: root
Event SYSMONEVENT_PROCESS_TERMINATE
	RuleName: -
	UtcTime: 2025-11-13 19:37:52.786
	ProcessGuid: {b5bc5867-58a9-690a-415c-e3d2a7610000}
	ProcessId: 220
	Image: /usr/lib/systemd/systemd-journald
	User: root
Event SYSMONEVENT_FILE_CREATE
	RuleName: -
	UtcTime: 2025-11-13 19:38:59.077
	ProcessGuid: {b5bc5867-58aa-690a-4dd8-ebb1095e0000}
	ProcessId: 493
	Image: /usr/usr/sbin/NetworkManager
	TargetFilename: /var/lib/NetworkManager/timestamps.MU6ZF3
	CreationUtcTime: 2025-11-13 19:38:59.077
	User: -
Event SYSMONEVENT_PROCESS_TERMINATE
	RuleName: -
	UtcTime: 2025-11-13 19:39:07.330
	ProcessGuid: {00000000-0000-0000-0000-000000000000}
	ProcessId: 48369
	Image: <unknown process>
	User: root
Event SYSMONEVENT_PROCESS_TERMINATE
	RuleName: -
	UtcTime: 2025-11-13 19:39:14.577
	ProcessGuid: {b5bc5867-58aa-690a-6d00-c6bb74550000}
	ProcessId: 530
	Image: /usr/libexec/udisks2/udisksd
	User: root
